-------------------------------------------------------------------------------
Test set: kademicsapp.kademicsapp.KademicsappApplicationTests
-------------------------------------------------------------------------------
Tests run: 1, Failures: 0, Errors: 1, Skipped: 0, Time elapsed: 3.164 s <<< FAILURE! - in kademicsapp.kademicsapp.KademicsappApplicationTests
kademicsapp.kademicsapp.KademicsappApplicationTests.contextLoads  Time elapsed: 0.016 s  <<< ERROR!
java.lang.IllegalStateException: Failed to load ApplicationContext for [WebMergedContextConfiguration@22b82ddf testClass = kademicsapp.kademicsapp.KademicsappApplicationTests, locations = [], classes = [kademicsapp.kademicsapp.KademicsappApplication], contextInitializerClasses = [], activeProfiles = [], propertySourceDescriptors = [], propertySourceProperties = ["org.springframework.boot.test.context.SpringBootTestContextBootstrapper=true"], contextCustomizers = [org.springframework.boot.test.context.filter.ExcludeFilterContextCustomizer@311bf055, org.springframework.boot.test.json.DuplicateJsonObjectContextCustomizerFactory$DuplicateJsonObjectContextCustomizer@78452606, org.springframework.boot.test.mock.mockito.MockitoContextCustomizer@0, org.springframework.boot.test.web.client.TestRestTemplateContextCustomizer@5167f57d, org.springframework.boot.test.web.reactor.netty.DisableReactorResourceFactoryGlobalResourcesContextCustomizerFactory$DisableReactorResourceFactoryGlobalResourcesContextCustomizerCustomizer@7d7758be, org.springframework.boot.test.autoconfigure.OnFailureConditionReportContextCustomizerFactory$OnFailureConditionReportContextCustomizer@68746f22, org.springframework.boot.test.autoconfigure.actuate.observability.ObservabilityContextCustomizerFactory$DisableObservabilityContextCustomizer@1f, org.springframework.boot.test.autoconfigure.properties.PropertyMappingContextCustomizer@0, org.springframework.boot.test.autoconfigure.web.servlet.WebDriverContextCustomizer@35b74c5c, org.springframework.test.context.support.DynamicPropertiesContextCustomizer@0, org.springframework.boot.test.context.SpringBootTestAnnotation@c19d0f3f], resourceBasePath = "src/main/webapp", contextLoader = org.springframework.boot.test.context.SpringBootContextLoader, parent = null]
Caused by: org.springframework.beans.factory.BeanCreationException: Error creating bean with name 'entityManagerFactory' defined in class path resource [org/springframework/boot/autoconfigure/orm/jpa/HibernateJpaConfiguration.class]: Unable to create requested service [org.hibernate.cache.spi.RegionFactory] due to: Unable to resolve name [org.hibernate.cache.jcache.JCacheRegionFactory] as strategy [org.hibernate.cache.spi.RegionFactory]
Caused by: org.hibernate.service.spi.ServiceException: Unable to create requested service [org.hibernate.cache.spi.RegionFactory] due to: Unable to resolve name [org.hibernate.cache.jcache.JCacheRegionFactory] as strategy [org.hibernate.cache.spi.RegionFactory]
Caused by: org.hibernate.boot.registry.selector.spi.StrategySelectionException: Unable to resolve name [org.hibernate.cache.jcache.JCacheRegionFactory] as strategy [org.hibernate.cache.spi.RegionFactory]
Caused by: org.hibernate.boot.registry.classloading.spi.ClassLoadingException: Unable to load class [org.hibernate.cache.jcache.JCacheRegionFactory]
Caused by: java.lang.ClassNotFoundException: Could not load requested class : org.hibernate.cache.jcache.JCacheRegionFactory
Caused by: java.lang.Throwable

